#
# There is insufficient memory for the Java Runtime Environment to continue.
# Native memory allocation (mmap) failed to map 268435456 bytes for G1 virtual space
# Possible reasons:
#   The system is out of physical RAM or swap space
#   The process is running with CompressedOops enabled, and the Java Heap may be blocking the growth of the native heap
# Possible solutions:
#   Reduce memory load on the system
#   Increase physical memory or swap space
#   Check if swap backing store is full
#   Decrease Java heap size (-Xmx/-Xms)
#   Decrease number of Java threads
#   Decrease Java thread stack sizes (-Xss)
#   Set larger code cache with -XX:ReservedCodeCacheSize=
#   JVM is running with Zero Based Compressed Oops mode in which the Java heap is
#     placed in the first 32GB address space. The Java Heap base address is the
#     maximum limit for the native heap growth. Please use -XX:HeapBaseMinAddress
#     to set the Java Heap base and to place the Java Heap above 32GB virtual address.
# This output file may be truncated or incomplete.
#
#  Out of Memory Error (./open/src/hotspot/os/windows/os_windows.cpp:3472), pid=4680, tid=4996
#
# JRE version:  (15.0.1+9) (build )
# Java VM: OpenJDK 64-Bit Server VM (15.0.1+9-18, mixed mode, sharing, tiered, compressed oops, g1 gc, windows-amd64)
# No core dump will be written. Minidumps are not enabled by default on client versions of Windows
#

---------------  S U M M A R Y ------------

Command Line: -Dfile.encoding=Cp1251 -XX:+ShowCodeDetailsInExceptionMessages com.Menu

Host: AMD Ryzen 5 2600X Six-Core Processor           , 12 cores, 15G,  Windows 10 , 64 bit Build 19041 (10.0.19041.928)
Time: Sun Jun  6 10:23:03 2021 RTZ 2 (зима) elapsed time: 0.009981 seconds (0d 0h 0m 0s)

---------------  T H R E A D  ---------------

Current thread (0x00000289f0763dd0):  JavaThread "Unknown thread" [_thread_in_vm, id=4996, stack(0x000000fc14400000,0x000000fc14500000)]

Stack: [0x000000fc14400000,0x000000fc14500000]
Native frames: (J=compiled Java code, j=interpreted, Vv=VM code, C=native code)
V  [jvm.dll+0x62ae9a]
V  [jvm.dll+0x781389]
V  [jvm.dll+0x782ae3]
V  [jvm.dll+0x783143]
V  [jvm.dll+0x216265]
V  [jvm.dll+0x6281d9]
V  [jvm.dll+0x61cd15]
V  [jvm.dll+0x2d01fd]
V  [jvm.dll+0x2d0062]
V  [jvm.dll+0x2d603c]
V  [jvm.dll+0x325b2a]
V  [jvm.dll+0x3251f4]
V  [jvm.dll+0x2a717a]
V  [jvm.dll+0x2a8318]
V  [jvm.dll+0x75e101]
V  [jvm.dll+0x3343e4]
V  [jvm.dll+0x73e826]
V  [jvm.dll+0x3b7777]
V  [jvm.dll+0x3b9201]
C  [jli.dll+0x52fb]
C  [ucrtbase.dll+0x21bb2]
C  [KERNEL32.DLL+0x17034]
C  [ntdll.dll+0x52651]


---------------  P R O C E S S  ---------------

Threads class SMR info:
_java_thread_list=0x00007ffe6bf84ff0, length=0, elements={
}

Java Threads: ( => current thread )

Other Threads:
  0x00000289f07b1000 GCTaskThread "GC Thread#0" [stack: 0x000000fc14500000,0x000000fc14600000] [id=11188]
  0x00000289f0801010 ConcurrentGCThread "G1 Main Marker" [stack: 0x000000fc14600000,0x000000fc14700000] [id=18104]
  0x00000289f0801b90 ConcurrentGCThread "G1 Conc#0" [stack: 0x000000fc14700000,0x000000fc14800000] [id=10588]

[error occurred during error reporting (printing all threads), id 0xc0000005, EXCEPTION_ACCESS_VIOLATION (0xc0000005) at pc=0x00007ffe6b778047]

VM state: not at safepoint (not fully initialized)

VM Mutex/Monitor currently owned by a thread:  ([mutex/lock_event])
[0x00000289f075f980] Heap_lock - owner thread: 0x00000289f0763dd0

Heap address: 0x0000000700c00000, size: 4084 MB, Compressed Oops mode: Zero based, Oop shift amount: 3
CDS archive(s) mapped at: [0x0000000000000000-0x0000000000000000-0x0000000000000000), size 0, SharedBaseAddress: 0x0000000800000000, ArchiveRelocationMode: 0.
Narrow klass base: 0x0000000000000000, Narrow klass shift: 0, Narrow klass range: 0x0

Heap:
 garbage-first heap   total 262144K, used 0K [0x0000000700c00000, 0x0000000800000000)
  region size 2048K, 0 young (0K), 0 survivors (0K)
 Metaspace       used 0K, capacity 0K, committed 0K, reserved 0K
  class space    used 0K, capacity 0K, committed 0K, reserved 0K

Heap Regions: E=young(eden), S=young(survivor), O=old, HS=humongous(starts), HC=humongous(continues), CS=collection set, F=free, OA=open archive, CA=closed archive, TAMS=top-at-mark-start (previous, next)

Card table byte_map: [0x00000289f4ed0000,0x00000289f56d0000] _byte_map_base: 0x00000289f16ca000

Marking Bits (Prev, Next): (CMBitMap*) 0x00000289f07b2790, (CMBitMap*) 0x00000289f07b27d0
 Prev Bits: [0x00000289f5ed0000, 0x00000289f9ea0000)
 Next Bits: [0x00000289f9ea0000, 0x00000289fde70000)

GC Heap History (0 events):
No events

Deoptimization events (0 events):
No events

Classes unloaded (0 events):
No events

Classes redefined (0 events):
No events

Internal exceptions (0 events):
No events

Events (1 events):
Event: 0.006 Loaded shared library D:\Program Files\eclipse\eclipse\plugins\org.eclipse.justj.openjdk.hotspot.jre.full.win32.x86_64_15.0.1.v20201027-0507\jre\bin\java.dll


Dynamic libraries:
0x00007ff77f150000 - 0x00007ff77f15d000 	D:\Program Files\eclipse\eclipse\plugins\org.eclipse.justj.openjdk.hotspot.jre.full.win32.x86_64_15.0.1.v20201027-0507\jre\bin\javaw.exe
0x00007ffeb7650000 - 0x00007ffeb7845000 	C:\Windows\SYSTEM32\ntdll.dll
0x00007ffeb6bd0000 - 0x00007ffeb6c8d000 	C:\Windows\System32\KERNEL32.DLL
0x00007ffeb5200000 - 0x00007ffeb54c8000 	C:\Windows\System32\KERNELBASE.dll
0x00007ffeb5100000 - 0x00007ffeb5200000 	C:\Windows\System32\ucrtbase.dll
0x00007ffeafff0000 - 0x00007ffeb0008000 	D:\Program Files\eclipse\eclipse\plugins\org.eclipse.justj.openjdk.hotspot.jre.full.win32.x86_64_15.0.1.v20201027-0507\jre\bin\jli.dll
0x00007ffeac460000 - 0x00007ffeac479000 	D:\Program Files\eclipse\eclipse\plugins\org.eclipse.justj.openjdk.hotspot.jre.full.win32.x86_64_15.0.1.v20201027-0507\jre\bin\VCRUNTIME140.dll
0x00007ffeb6d10000 - 0x00007ffeb6eb0000 	C:\Windows\System32\USER32.dll
0x00007ffe9cd70000 - 0x00007ffe9d00a000 	C:\Windows\WinSxS\amd64_microsoft.windows.common-controls_6595b64144ccf1df_6.0.19041.844_none_ca00b6081b84eb1d\COMCTL32.dll
0x00007ffeb4de0000 - 0x00007ffeb4e02000 	C:\Windows\System32\win32u.dll
0x00007ffeb75e0000 - 0x00007ffeb760a000 	C:\Windows\System32\GDI32.dll
0x00007ffeb6080000 - 0x00007ffeb611e000 	C:\Windows\System32\msvcrt.dll
0x00007ffeb4e10000 - 0x00007ffeb4f1b000 	C:\Windows\System32\gdi32full.dll
0x00007ffeb4fd0000 - 0x00007ffeb506d000 	C:\Windows\System32\msvcp_win.dll
0x00007ffeb5f70000 - 0x00007ffeb5fa0000 	C:\Windows\System32\IMM32.DLL
0x00007ffeb2590000 - 0x00007ffeb259c000 	D:\Program Files\eclipse\eclipse\plugins\org.eclipse.justj.openjdk.hotspot.jre.full.win32.x86_64_15.0.1.v20201027-0507\jre\bin\vcruntime140_1.dll
0x00007ffe9f530000 - 0x00007ffe9f5c1000 	D:\Program Files\eclipse\eclipse\plugins\org.eclipse.justj.openjdk.hotspot.jre.full.win32.x86_64_15.0.1.v20201027-0507\jre\bin\msvcp140.dll
0x00007ffe6b4c0000 - 0x00007ffe6c01e000 	D:\Program Files\eclipse\eclipse\plugins\org.eclipse.justj.openjdk.hotspot.jre.full.win32.x86_64_15.0.1.v20201027-0507\jre\bin\server\jvm.dll
0x00007ffeb62d0000 - 0x00007ffeb637c000 	C:\Windows\System32\ADVAPI32.dll
0x00007ffeb7540000 - 0x00007ffeb75db000 	C:\Windows\System32\sechost.dll
0x00007ffeb61a0000 - 0x00007ffeb62cb000 	C:\Windows\System32\RPCRT4.dll
0x00007ffeb6d00000 - 0x00007ffeb6d08000 	C:\Windows\System32\PSAPI.DLL
0x00007ffeaeb70000 - 0x00007ffeaeb7a000 	C:\Windows\SYSTEM32\VERSION.dll
0x00007ffea88d0000 - 0x00007ffea88d9000 	C:\Windows\SYSTEM32\WSOCK32.dll
0x00007ffea5d90000 - 0x00007ffea5db7000 	C:\Windows\SYSTEM32\WINMM.dll
0x00007ffeb6b60000 - 0x00007ffeb6bcb000 	C:\Windows\System32\WS2_32.dll
0x00007ffeb2d00000 - 0x00007ffeb2d12000 	C:\Windows\SYSTEM32\kernel.appcore.dll
0x00007ffea6740000 - 0x00007ffea674a000 	D:\Program Files\eclipse\eclipse\plugins\org.eclipse.justj.openjdk.hotspot.jre.full.win32.x86_64_15.0.1.v20201027-0507\jre\bin\jimage.dll
0x00007ffea0f10000 - 0x00007ffea10f4000 	C:\Windows\SYSTEM32\DBGHELP.DLL
0x00007ffea17c0000 - 0x00007ffea17ec000 	C:\Windows\SYSTEM32\dbgcore.DLL
0x00007ffeb5630000 - 0x00007ffeb56b0000 	C:\Windows\System32\bcryptPrimitives.dll
0x00007ffe8bf10000 - 0x00007ffe8bf35000 	D:\Program Files\eclipse\eclipse\plugins\org.eclipse.justj.openjdk.hotspot.jre.full.win32.x86_64_15.0.1.v20201027-0507\jre\bin\java.dll

dbghelp: loaded successfully - version: 4.0.5 - missing functions: none
symbol engine: initialized successfully - sym options: 0x614 - pdb path: .;D:\Program Files\eclipse\eclipse\plugins\org.eclipse.justj.openjdk.hotspot.jre.full.win32.x86_64_15.0.1.v20201027-0507\jre\bin;C:\Windows\SYSTEM32;C:\Windows\WinSxS\amd64_microsoft.windows.common-controls_6595b64144ccf1df_6.0.19041.844_none_ca00b6081b84eb1d;D:\Program Files\eclipse\eclipse\plugins\org.eclipse.justj.openjdk.hotspot.jre.full.win32.x86_64_15.0.1.v20201027-0507\jre\bin\server

VM Arguments:
jvm_args: -Dfile.encoding=Cp1251 -XX:+ShowCodeDetailsInExceptionMessages 
java_command: com.Menu
java_class_path (initial): D:\Program Files\eclipse\projects\Laba3\bin
Launcher Type: SUN_STANDARD

[Global flags]
     intx CICompilerCount                          = 4                                         {product} {ergonomic}
     uint ConcGCThreads                            = 3                                         {product} {ergonomic}
     uint G1ConcRefinementThreads                  = 10                                        {product} {ergonomic}
   size_t G1HeapRegionSize                         = 2097152                                   {product} {ergonomic}
    uintx GCDrainStackTargetSize                   = 64                                        {product} {ergonomic}
   size_t InitialHeapSize                          = 268435456                                 {product} {ergonomic}
   size_t MarkStackSize                            = 4194304                                   {product} {ergonomic}
   size_t MaxHeapSize                              = 4282384384                                {product} {ergonomic}
   size_t MinHeapDeltaBytes                        = 2097152                                   {product} {ergonomic}
   size_t MinHeapSize                              = 8388608                                   {product} {ergonomic}
    uintx NonNMethodCodeHeapSize                   = 5839372                                {pd product} {ergonomic}
    uintx NonProfiledCodeHeapSize                  = 122909434                              {pd product} {ergonomic}
    uintx ProfiledCodeHeapSize                     = 122909434                              {pd product} {ergonomic}
    uintx ReservedCodeCacheSize                    = 251658240                              {pd product} {ergonomic}
     bool SegmentedCodeCache                       = true                                      {product} {ergonomic}
     bool ShowCodeDetailsInExceptionMessages       = true                                   {manageable} {command line}
   size_t SoftMaxHeapSize                          = 4282384384                             {manageable} {ergonomic}
     bool UseCompressedClassPointers               = true                                 {lp64_product} {ergonomic}
     bool UseCompressedOops                        = true                                 {lp64_product} {ergonomic}
     bool UseG1GC                                  = true                                      {product} {ergonomic}
     bool UseLargePagesIndividualAllocation        = false                                  {pd product} {ergonomic}

Logging:
Log output configuration:
 #0: stdout all=warning uptime,level,tags
 #1: stderr all=off uptime,level,tags

Environment Variables:
JAVA_HOME=C:\Program Files\OpenJDK\jdk-8.0.262.10-hotspot
PATH=D:/Program Files/eclipse/eclipse//plugins/org.eclipse.justj.openjdk.hotspot.jre.full.win32.x86_64_15.0.1.v20201027-0507/jre/bin/server;D:/Program Files/eclipse/eclipse//plugins/org.eclipse.justj.openjdk.hotspot.jre.full.win32.x86_64_15.0.1.v20201027-0507/jre/bin;C:\Program Files (x86)\Common Files\Oracle\Java\javapath;C:\Program Files\OpenJDK\jdk-8.0.262.10-hotspot\bin;C:\Windows\system32;C:\Windows;C:\Windows\System32\Wbem;C:\Windows\System32\WindowsPowerShell\v1.0\;C:\Windows\System32\OpenSSH\;C:\Program Files\NVIDIA Corporation\NVIDIA NvDLISR;C:\Users\sozda\AppData\Local\MiKTeX;;C:\Program Files (x86)\NVIDIA Corporation\PhysX\Common;C:\Users\sozda\AppData\Local\Microsoft\WindowsApps;D:\Program Files\eclipse\eclipse;
USERNAME=sozda
OS=Windows_NT
PROCESSOR_IDENTIFIER=AMD64 Family 23 Model 8 Stepping 2, AuthenticAMD



---------------  S Y S T E M  ---------------

OS:
 Windows 10 , 64 bit Build 19041 (10.0.19041.928)
OS uptime: 3 days 16:44 hours

CPU: total 12 (initial active 12) (12 cores per cpu, 2 threads per core) family 23 model 8 stepping 2 microcode 0x0, cmov, cx8, fxsr, mmx, sse, sse2, sse3, ssse3, sse4.1, sse4.2, popcnt, vzeroupper, avx, avx2, aes, clmul, 3dnowpref, lzcnt, sse4a, ht, tsc, tscinvbit, tscinv, bmi1, bmi2, adx, sha, fma, clflush, clflushopt

Memory: 4k page, system-wide physical 16335M (8832M free)
TotalPageFile size 30644M (AvailPageFile size 128M)
current process WorkingSet (physical memory assigned to process): 10M, peak: 10M
current process commit charge ("private bytes"): 64M, peak: 320M

vm_info: OpenJDK 64-Bit Server VM (15.0.1+9-18) for windows-amd64 JRE (15.0.1+9-18), built on Sep 15 2020 14:39:31 by "mach5one" with unknown MS VC++:1925

END.
